
Gurobi 10.0.2 (mac64[arm], gurobi_cl) logging started Sat Dec 21 11:39:33 2024

Set parameter Username
Set parameter TimeLimit to value 3600
Set parameter Heuristics to value 0.5
Set parameter MIPFocus to value 1
Set parameter Cuts to value 2
Set parameter LogFile to value "gurobi.log"
Set parameter Presolve to value 2
Set parameter Threads to value 4
Academic license - for non-commercial use only - expires 2025-12-07
Using license file /Users/annebrombach/gurobi.lic

Gurobi Optimizer version 10.0.2 build v10.0.2rc0 (mac64[arm])
Copyright (c) 2023, Gurobi Optimization, LLC

Read LP format model from file /var/folders/d6/nrvsspzn4y72gvs21ww2h1y00000gn/T/9acfc76c45c4462c8eea1ef467121523-pulp.lp
Reading time = 0.08 seconds
Minimize_total_costs: 11514 rows, 9604 columns, 519034 nonzeros

CPU model: Apple M3
Thread count: 8 physical cores, 8 logical processors, using up to 4 threads

Optimize a model with 11514 rows, 9604 columns and 519034 nonzeros
Model fingerprint: 0x47ced678
Variable types: 0 continuous, 9604 integer (9604 binary)
Coefficient statistics:
  Matrix range     [1e+00, 2e+03]
  Objective range  [1e-02, 8e+01]
  Bounds range     [1e+00, 1e+00]
  RHS range        [1e+00, 7e+01]
Presolve removed 206 rows and 12 columns
Presolve time: 2.34s
Presolved: 11308 rows, 9592 columns, 528537 nonzeros
Variable types: 0 continuous, 9592 integer (9592 binary)
Root relaxation presolved: 11308 rows, 9592 columns, 528537 nonzeros


Root relaxation: objective 8.400004e+01, 270 iterations, 0.52 seconds (2.81 work units)

    Nodes    |    Current Node    |     Objective Bounds      |     Work
 Expl Unexpl |  Obj  Depth IntInf | Incumbent    BestBd   Gap | It/Node Time

     0     0   84.00004    0   79          -   84.00004      -     -    2s
     0     0  140.00000    0   84          -  140.00000      -     -    3s
H    0     0                     294.5418000  140.00000  52.5%     -    3s
H    0     0                     294.5310000  140.00000  52.5%     -    3s
     0     0  140.02790    0   88  294.53100  140.02790  52.5%     -    3s
     0     0  140.02790    0   98  294.53100  140.02790  52.5%     -    3s
     0     0  140.02790    0  107  294.53100  140.02790  52.5%     -    3s
     0     0  140.02790    0   97  294.53100  140.02790  52.5%     -    4s
     0     0  140.02790    0   96  294.53100  140.02790  52.5%     -    4s
     0     0  140.05220    0  116  294.53100  140.05220  52.4%     -    4s
     0     0  140.06258    0  125  294.53100  140.06258  52.4%     -    4s
     0     0  140.07826    0  125  294.53100  140.07826  52.4%     -    4s
     0     0  140.08946    0  126  294.53100  140.08946  52.4%     -    4s
     0     0  140.08946    0  126  294.53100  140.08946  52.4%     -    4s
     0     0  140.15874    0  161  294.53100  140.15874  52.4%     -    5s
     0     0  140.20712    0  168  294.53100  140.20712  52.4%     -    5s
     0     0  140.20914    0  172  294.53100  140.20914  52.4%     -    5s
     0     0  141.30908    0  119  294.53100  141.30908  52.0%     -    5s
     0     2  147.00000    0  119  294.53100  147.00000  50.1%     -    6s
    23    27  150.46475    7  216  294.53100  147.16877  50.0%   148   10s
   105    90  224.06392   16  154  294.53100  147.16877  50.0%  58.2   15s
H  170   142                     294.5280000  147.16877  50.0%  48.3   17s
H  203   179                     294.5172000  147.16877  50.0%  45.2   17s
   901   882  224.20161  147  146  294.51720  147.16877  50.0%  24.1   20s
H 1281  1163                     294.5064000  147.16877  50.0%  21.5   21s
  1625  1472  224.15060  128  119  294.50640  147.16877  50.0%  20.6   70s
  1629  1475  224.22064  181  146  294.50640  147.16877  50.0%  20.5   76s
  1631  1476  224.09840   49  141  294.50640  147.16877  50.0%  20.5   81s
  1634  1478  224.18000   81  114  294.50640  217.01386  26.3%  20.4   85s
  1638  1482  224.14760   84  119  294.50640  217.01526  26.3%  23.1  120s
  1643  1485  224.21241  139  111  294.50640  217.01526  26.3%  23.0  125s
  1646  1487  224.14760  112  116  294.50640  217.01526  26.3%  23.0  130s
  1652  1494  217.01650   23   92  294.50640  217.01650  26.3%  25.5  135s
  1805  1602  217.05380   44   98  294.50640  217.01650  26.3%  28.7  140s
H 1937  1648                     294.4986000  217.01650  26.3%  34.4  141s
  2133  1751  217.18635   79  104  294.49860  217.01650  26.3%  40.8  145s
H 2158  1680                     294.4908000  217.01650  26.3%  41.8  148s
H 2178  1657                     294.4800000  217.01650  26.3%  42.0  149s
  2225  1803  217.21060   93  118  294.48000  217.01650  26.3%  42.1  151s
  2830  2107  217.23220  160  118  294.48000  217.01650  26.3%  46.5  155s
  3509  2463  294.12112  212  491  294.48000  217.01650  26.3%  50.5  161s
  3907  2828 infeasible  243       294.48000  217.01650  26.3%  51.0  165s
  4814  3267  217.21060  171  142  294.48000  217.01650  26.3%  48.2  170s
  5571  4930  217.21060  391  241  294.48000  217.01650  26.3%  44.4  176s
  6927  5388  294.28584  564  241  294.48000  217.01650  26.3%  39.7  180s
  7546  6368  294.45180  646  120  294.48000  217.01650  26.3%  38.4  185s
  9877  8304  217.22140  111  126  294.48000  217.01650  26.3%  33.5  190s
 10396  9302  217.24600  290  132  294.48000  217.01650  26.3%  32.6  228s
 11430 10213  217.29520  465  184  294.48000  217.01650  26.3%  31.6  231s
 13472 11542  217.35844  514  270  294.48000  217.01650  26.3%  30.0  236s
 14129 13609  294.26512  523  517  294.48000  217.01650  26.3%  29.6  241s
 16449 14971  217.06300   90  136  294.48000  217.01650  26.3%  27.8  245s
 18586 16200  294.03675   37  204  294.48000  217.01740  26.3%  27.4  252s
 19623 17102  294.13878  134   90  294.48000  217.01740  26.3%  27.0  257s
 20755 20377  217.16143   91  102  294.48000  217.01740  26.3%  26.8  297s
H22970  6804                     217.4920000  217.01740  0.22%  25.8  297s
 24222  6397  217.26760  187  124  217.49200  217.01740  0.22%  25.8  302s
 24674  6392  217.32460  285  110  217.49200  217.01740  0.22%  25.8  305s
H24684  6392                     217.4919999  217.01740  0.22%  25.8  305s
 25789  8403  217.23520  221  150  217.49200  217.01740  0.22%  26.0  311s
 29366 11322  217.36900  938   80  217.49200  217.01895  0.22%  25.7  315s
 30211 11837  217.16143   89  117  217.49200  217.01900  0.22%  25.8  321s
 31089 14544  217.22140  454  166  217.49200  217.01914  0.22%  25.4  347s
 34616 15979  217.26760  578  182  217.49200  217.01920  0.22%  24.3  350s
 35184 16331  217.45360  725   90  217.49200  217.01920  0.22%  24.3  355s
 36751 17766  217.22140  235  120  217.49200  217.01920  0.22%  24.1  360s
 38637 19806  217.22140 1041  108  217.49200  217.01920  0.22%  23.8  365s
 40389 21345  217.04920   80  140  217.49200  217.01920  0.22%  24.3  370s
 42071 23660  217.08760   76  124  217.49200  217.01920  0.22%  24.3  399s
 42666 23660  217.16140   79   92  217.49200  217.01920  0.22%  24.3  400s
 44520 25132  217.11220  154  146  217.49200  217.01920  0.22%  24.5  405s
 47617 28389  217.24600  891  154  217.49200  217.01920  0.22%  24.1  410s
 49914 30640  217.12900  139  126  217.49200  217.01920  0.22%  24.4  415s
 51389 31904  217.33183  231  107  217.49200  217.01920  0.22%  24.3  420s
 52400 31909 infeasible  214       217.49200  217.01945  0.22%  24.7  443s
 52407 35529 infeasible  215       217.49200  217.01945  0.22%  24.7  451s
 56874 36121     cutoff  999       217.49200  217.01953  0.22%  24.8  455s
 57121 36238  217.07686   68  114  217.49200  217.01953  0.22%  24.9  460s
 58657 39138  217.22140  112  138  217.49200  217.01986  0.22%  25.1  466s
 62665 41836     cutoff  151       217.49200  217.02024  0.22%  24.8  493s
 63110 42288  217.21060  132  107  217.49200  217.02088  0.22%  24.8  495s
 65796 44728  217.25680  579  196  217.49200  217.02150  0.22%  24.9  500s
 66397 44837  217.17538   80  112  217.49200  217.02150  0.22%  25.0  506s
 67878 46919  217.31981  363  188  217.49200  217.02155  0.22%  24.8  511s
 69734 49313  217.04942   45   80  217.49200  217.02164  0.22%  25.0  516s
 72719 50846 infeasible  187       217.49200  217.02190  0.22%  24.7  520s
 72931 51728  217.08040   67   88  217.49200  217.02196  0.22%  24.9  544s
 73855 52312  217.22140  426  178  217.49200  217.02196  0.22%  24.8  546s
 77287 55556  217.06416   63  132  217.49200  217.02333  0.22%  24.5  550s
 78861 56426  217.24300  382  140  217.49200  217.02333  0.22%  24.4  555s
 79397 56938  217.25516  408  132  217.49200  217.02333  0.22%  24.5  560s
 80103 57526  217.30300  472  108  217.49200  217.02333  0.22%  24.9  565s
 83121 60290  217.23520  268  148  217.49200  217.02386  0.22%  25.0  570s
 83321 62222  217.23520  289  122  217.49200  217.02386  0.22%  25.0  594s
 85333 62228  217.23520  896   97  217.49200  217.02386  0.22%  24.7  596s
 85833 62879  217.10260   97  138  217.49200  217.02398  0.22%  24.8  600s
 87989 65516  217.27840  473  192  217.49200  217.02416  0.22%  24.9  605s
 89629 67243  217.21060  112  108  217.49200  217.02430  0.22%  25.1  610s
 91586 68496  217.18600   90  140  217.49200  217.02460  0.21%  24.9  615s
 93664 70059  217.13680   86   98  217.49200  217.02460  0.21%  24.8  641s
 93899 72746  217.13680   87   98  217.49200  217.02460  0.21%  24.8  646s
 96750 73107  217.25680  175  110  217.49200  217.02460  0.21%  24.5  650s
H97132 73462                     217.4919999  217.02460  0.21%  24.5  651s
 97621 73695  217.08760   64  108  217.49200  217.02460  0.21%  24.6  657s
 97995 75183  217.22140  154  106  217.49200  217.02460  0.21%  24.5  660s
 100640 77565  217.24301  421  152  217.49200  217.02460  0.21%  24.5  665s
 104760 80971  217.36900  493  108  217.49200  217.02460  0.21%  24.0  692s
 105659 81363  217.36900  561  125  217.49200  217.02460  0.21%  24.1  696s
H107670 82872                     217.4919999  217.02460  0.21%  24.1  699s
 107724 82875  217.18600  244  120  217.49200  217.02460  0.21%  24.1  702s
 108154 84231  217.18600  376   93  217.49200  217.02460  0.21%  24.1  706s
 111204 86235  217.19725  198  112  217.49200  217.02460  0.21%  24.0  710s
 113012 88209  217.03840   59  148  217.49200  217.02460  0.21%  24.0  715s
 115653 90222  217.11227   82  132  217.49200  217.02460  0.21%  23.8  741s
 115658 93744  217.11239   82  116  217.49200  217.02460  0.21%  23.8  754s
 119662 94964  217.22140  323   90  217.49200  217.02460  0.21%  24.3  757s
 121054 95009 infeasible  220       217.49200  217.02460  0.21%  24.4  762s
 122037 96932  217.21060  278  156  217.49200  217.02460  0.21%  24.4  765s
 123526 97582  217.23520  182  108  217.49200  217.02460  0.21%  24.4  770s
 124599 98565  217.11220   98  100  217.49200  217.02460  0.21%  24.4  776s
H125266 98771                     217.4674000  217.02460  0.20%  24.3  777s
 125565 99185  217.36900  494  119  217.46740  217.02460  0.20%  24.4  780s
 125909 99920  217.36973  530  140  217.46740  217.02460  0.20%  24.4  804s
 126734 99993  217.18628  108   94  217.46740  217.02460  0.20%  24.5  806s
 127173 101260  217.37316  278  116  217.46740  217.02460  0.20%  24.4  810s
 129239 102688  217.19680  166  128  217.46740  217.02460  0.20%  24.4  816s
H129729 102623                     217.4566000  217.02460  0.20%  24.3  817s
 131463 104905  217.02460   52  134  217.45660  217.02460  0.20%  24.4  821s
 134366 107762  217.25980  535  164  217.45660  217.02460  0.20%  24.2  826s
 136796 110095  217.28440  202  104  217.45660  217.02460  0.20%  24.0  852s
 138803 112150  217.33420  349  158  217.45660  217.02460  0.20%  23.9  856s
 142096 115302  217.22140  581  158  217.45660  217.02460  0.20%  23.6  860s
 144419 116166  217.19680  100  138  217.45660  217.02460  0.20%  23.6  865s
 145804 118348  217.23520  353  134  217.45660  217.02460  0.20%  23.7  870s
 147562 119995  217.13681  107  146  217.45660  217.02460  0.20%  23.6  893s
 148608 119999  217.22140  208  122  217.45660  217.02460  0.20%  23.6  897s
 149345 120997  217.27520  310  118  217.45660  217.02460  0.20%  23.6  900s
 151308 123903  217.35820  420  108  217.45660  217.02460  0.20%  23.5  905s
 153379 124505  217.13858   96  114  217.45660  217.02460  0.20%  23.4  911s
 153938 126675  217.22140  199  126  217.45660  217.02460  0.20%  23.4  915s
 156982 127896  217.23520  157  152  217.45660  217.02460  0.20%  23.3  921s
 158485 131360  217.23520  224  158  217.45660  217.02460  0.20%  23.3  946s
 160769 131364  217.24600  926  104  217.45660  217.02460  0.20%  23.1  951s
 161747 133110  217.24600 1087   97  217.45660  217.02460  0.20%  23.0  955s
 163976 135447  217.28800  351  148  217.45660  217.02460  0.20%  22.9  960s
 167211 138061  217.22140  105  138  217.45660  217.02460  0.20%  22.9  965s
 168956 140416  217.25380  269  134  217.45660  217.02460  0.20%  22.9  992s
 170432 140527  217.03840   66  132  217.45660  217.02460  0.20%  22.9  996s
 173503 144104 infeasible  112       217.45660  217.02460  0.20%  22.8 1000s
 175164 144761  217.13981   78  110  217.45660  217.02460  0.20%  22.8 1006s
 175637 145949  217.16143   77   74  217.45660  217.02460  0.20%  22.8 1010s
H176429 146037                     217.4566000  217.02460  0.20%  22.7 1012s
 178318 148693  217.27520  292  144  217.45660  217.02460  0.20%  22.8 1015s
 179432 148714  217.36900  525  142  217.45660  217.02460  0.20%  22.7 1039s
 179471 152528  217.36900  546  104  217.45660  217.02460  0.20%  22.7 1046s
 184289 153306  217.21060   90   90  217.45660  217.02460  0.20%  22.6 1050s
 185332 155068  217.17265  107  110  217.45660  217.02460  0.20%  22.6 1055s
 189110 157697  217.30901  181  130  217.45660  217.02460  0.20%  22.5 1063s
 189114 157817  217.30973  182  138  217.45660  217.02460  0.20%  22.5 1065s
 189722 158713 infeasible  303       217.45660  217.02460  0.20%  22.5 1092s
 190766 159315  217.23520  210  188  217.45660  217.02460  0.20%  22.6 1095s
 192975 161442  217.06300   68  108  217.45660  217.02460  0.20%  22.7 1101s
 194725 162607  217.35521  165  124  217.45660  217.02460  0.20%  22.8 1107s
 195465 163430  217.22140  155  170  217.45660  217.02460  0.20%  22.8 1110s
 196719 164474  217.19680  134   96  217.45660  217.02460  0.20%  22.9 1116s
 200557 167889  217.17592  129   98  217.45660  217.02460  0.20%  22.7 1144s
 200567 171550  217.18600  131   90  217.45660  217.02460  0.20%  22.7 1152s
 204575 171639  217.22140  142  114  217.45660  217.02460  0.20%  22.8 1156s
 205638 172774  217.21060  113  132  217.45660  217.02460  0.20%  22.9 1164s
 205973 172885  217.22140  149  130  217.45660  217.02460  0.20%  22.9 1165s
 207723 174833  217.22140  710  126  217.45660  217.02460  0.20%  22.8 1170s
 209668 176891  217.19983  155  124  217.45660  217.02460  0.20%  22.8 1175s
 210985 179734  217.22140  274  144  217.45660  217.02460  0.20%  22.9 1201s
 213470 179838  217.19680  100  116  217.45660  217.02460  0.20%  22.7 1206s
 214867 181574  217.22140  566  180  217.45660  217.02460  0.20%  22.7 1210s
 216853 183133  217.02483   40  138  217.45660  217.02460  0.20%  22.9 1215s
 218522 184776  217.35520  253  182  217.45660  217.02460  0.20%  23.0 1220s
 219984 185500  217.24600  239  102  217.45660  217.02460  0.20%  23.0 1227s
 220395 186722  217.24600  343  116  217.45660  217.02460  0.20%  23.0 1230s
 221242 187805  217.24600  631  160  217.45660  217.02460  0.20%  22.9 1253s
 223375 189181  217.08760   53   98  217.45660  217.02460  0.20%  22.9 1255s
 224761 190114  217.06313   68  144  217.45660  217.02460  0.20%  23.0 1260s
 226066 191065  217.21060  101  116  217.45660  217.02460  0.20%  23.1 1265s
 227263 192664  217.17571   76   86  217.45660  217.02460  0.20%  23.1 1270s
 230078 194531  217.13680  105   88  217.45660  217.02460  0.20%  23.2 1278s
 230182 195058  217.16209  129  120  217.45660  217.02460  0.20%  23.2 1280s
 231398 196995  217.23520  211  122  217.45660  217.02460  0.20%  23.1 1285s
 232650 197184 infeasible  738       217.45660  217.02460  0.20%  23.1 1308s
 232943 199987  217.06300   71  126  217.45660  217.02460  0.20%  23.1 1312s
 236316 200982  217.23520  258  146  217.45660  217.02460  0.20%  23.0 1316s
 237671 201773  217.13680   67   92  217.45660  217.02460  0.20%  23.1 1322s
 238690 203213  217.18600  423  148  217.45660  217.02460  0.20%  23.1 1325s
 241478 205906  217.25380  758  142  217.45660  217.02460  0.20%  23.1 1330s
 244115 209159  217.22140  695  162  217.45660  217.02460  0.20%  23.1 1358s
 245814 209158  217.08460  126  150  217.45660  217.02460  0.20%  23.1 1360s
 246775 210114  217.16140  142  152  217.45660  217.02460  0.20%  23.1 1366s
 248337 211510  217.30900  432  193  217.45660  217.02460  0.20%  23.0 1372s
 248435 211623  217.32280  434  176  217.45660  217.02460  0.20%  23.0 1375s
 249178 212653  217.04200   74  164  217.45660  217.02460  0.20%  23.0 1380s
 252277 215693  217.06300  105  166  217.45660  217.02460  0.20%  22.9 1385s
 255049 218849  217.04000   47  108  217.45660  217.02460  0.20%  22.7 1411s
 256737 219622  217.11220   97  136  217.45660  217.02460  0.20%  22.9 1415s
 257166 219774  217.22140  245  156  217.45660  217.02460  0.20%  22.9 1421s
 259046 221346  217.06307   45  108  217.45660  217.02460  0.20%  23.0 1427s
 259587 223031  217.21060  124  120  217.45660  217.02460  0.20%  23.0 1430s
 262369 225078  217.22140  900  162  217.45660  217.02460  0.20%  23.0 1435s
 263190 225209  217.21060  180  142  217.45660  217.02460  0.20%  23.0 1440s
 265515 229345  217.23520  184  139  217.45660  217.02460  0.20%  22.9 1466s
H267734 229349                     217.4565999  217.02460  0.20%  22.8 1467s
 268678 230688  217.23520  176  187  217.45660  217.02460  0.20%  22.8 1470s
 269453 231021  217.04935   38  110  217.45660  217.02460  0.20%  22.7 1475s
 269911 231417  217.19680   57  106  217.45660  217.02460  0.20%  22.8 1481s
 271570 233334 infeasible   80       217.45660  217.02460  0.20%  22.8 1485s
 274243 235373  217.23520  131  131  217.45660  217.02460  0.20%  22.7 1493s
 274583 235762 infeasible  220       217.45660  217.02460  0.20%  22.7 1495s
 275907 237770 infeasible  203       217.45660  217.02460  0.20%  22.8 1522s
 277112 238652  217.21060  187  164  217.45660  217.02460  0.20%  22.8 1525s
 279049 239723  217.22140  313   98  217.45660  217.02460  0.20%  22.8 1531s
 279193 240261  217.23520  342  136  217.45660  217.02460  0.20%  22.8 1535s
 281425 242826  217.06300   84  114  217.45660  217.02460  0.20%  22.6 1542s
 283731 244119  217.04230   47   98  217.45660  217.02460  0.20%  22.6 1547s
 284410 245287  217.19680  115  132  217.45660  217.02460  0.20%  22.7 1551s
 285679 245954  217.22140  644  156  217.45660  217.02460  0.20%  22.7 1555s
 286388 247673  217.22140  932  138  217.45660  217.02460  0.20%  22.7 1579s
 287752 248451  217.17880  135  110  217.45660  217.02460  0.20%  22.7 1581s
 288605 248716  217.04920   44  112  217.45660  217.02460  0.20%  22.7 1585s
 289066 249376  217.19680  158  118  217.45660  217.02460  0.20%  22.7 1590s
 290539 251758  217.21060  124  104  217.45660  217.02460  0.20%  22.7 1595s
 292454 252151  217.36900  482  130  217.45660  217.02460  0.20%  22.6 1601s
 292898 253150  217.18600  121  138  217.45660  217.02460  0.20%  22.6 1606s
 294259 253685  217.21061  112  104  217.45660  217.02460  0.20%  22.7 1611s
 295542 255426  217.05374   73  114  217.45660  217.02460  0.20%  22.7 1615s
 296987 256909  217.12000   71  112  217.45660  217.02460  0.20%  22.8 1641s
 298291 257199  217.02603   61  106  217.45660  217.02460  0.20%  22.9 1645s
 298635 257875  217.10142  174  156  217.45660  217.02460  0.20%  22.9 1650s
 301072 259603  217.22140  153  128  217.45660  217.02460  0.20%  22.8 1655s
 301705 261441  217.18628  149  128  217.45660  217.02460  0.20%  22.8 1661s
 304161 263206  217.12960   67  112  217.45660  217.02460  0.20%  22.8 1665s
 305092 263413  217.22140  132  128  217.45660  217.02460  0.20%  22.8 1670s
 306244 265723  217.18600  337  178  217.45660  217.02460  0.20%  22.9 1676s
 307791 267010  217.17790  126   94  217.45660  217.02460  0.20%  22.8 1699s
 309135 267186  217.22140  609  134  217.45660  217.02460  0.20%  22.8 1701s
 310948 268853  217.04951   60  122  217.45660  217.02460  0.20%  22.8 1706s
 311111 268856  217.08763   73  138  217.45660  217.02460  0.20%  22.8 1710s
 311623 269285  217.18613  133   88  217.45660  217.02460  0.20%  22.8 1715s
 313209 271286  217.23221  220  128  217.45660  217.02460  0.20%  22.8 1721s
 313973 271605  217.23220  265  140  217.45660  217.02460  0.20%  22.8 1725s
 314450 272135  217.23220  301  138  217.45660  217.02460  0.20%  22.9 1730s
 315332 272609  217.07380  101  122  217.45660  217.02460  0.20%  22.9 1735s
 315554 273259  217.16140  192   94  217.45660  217.02460  0.20%  22.9 1740s
 318319 275551  217.13680  149   98  217.45660  217.02460  0.20%  22.8 1766s
 318464 277761  217.13680  150   98  217.45660  217.02460  0.20%  22.8 1775s
 321662 278439  217.22140  307  152  217.45660  217.02460  0.20%  22.9 1781s
 322061 278830  217.29820  522  205  217.45660  217.02460  0.20%  22.9 1791s
 322472 279536  217.06300  125  122  217.45660  217.02460  0.20%  22.9 1796s
 323210 281287  217.03075   52  148  217.45660  217.02460  0.20%  23.0 1802s
 324811 282716  217.10141   78  132  217.45660  217.02460  0.20%  22.9 1805s
 327401 283847  217.13680  181  160  217.45660  217.02460  0.20%  23.0 1811s
 329646 286249  217.06314   47  130  217.45660  217.02460  0.20%  22.9 1837s
 331684 287819  217.22140  322  162  217.45660  217.02460  0.20%  22.9 1841s
 332513 289529  217.23520  410  104  217.45660  217.02460  0.20%  22.9 1846s
 335299 291085  217.15067  470  211  217.45660  217.02460  0.20%  22.9 1851s
 335314 291087 infeasible  474       217.45660  217.02460  0.20%  22.9 1856s
 335477 291333 infeasible  559       217.45660  217.02460  0.20%  22.9 1860s
 337253 293823  217.22140  730  106  217.45660  217.02460  0.20%  22.8 1867s
 339259 295597  217.19680   94  106  217.45660  217.02460  0.20%  22.8 1870s
 340068 296674  217.17328   69  242  217.45660  217.02460  0.20%  22.8 1893s
 341204 297795  217.22140  477  156  217.45660  217.02460  0.20%  22.8 1895s
 343648 299265  217.16183  169  124  217.45660  217.02460  0.20%  22.7 1901s
 346007 301157  217.06300   84  122  217.45660  217.02460  0.20%  22.7 1905s
 346730 302207  217.21060  229  168  217.45660  217.02460  0.20%  22.7 1910s
 348782 303867 infeasible  157       217.45660  217.02460  0.20%  22.7 1917s
 349087 304134     cutoff  101       217.45660  217.02460  0.20%  22.7 1920s
 350358 305737  217.22140  320  168  217.45660  217.02460  0.20%  22.6 1944s
 350921 307115  217.22140  676  174  217.45660  217.02460  0.20%  22.6 1946s
 352883 307766  217.19680  141  100  217.45660  217.02460  0.20%  22.6 1950s
 354477 309204  217.28440  404  128  217.45660  217.02460  0.20%  22.5 1955s
 355388 310836  217.36900  516  132  217.45660  217.02460  0.20%  22.5 1961s
 356672 312003  217.13688   68  116  217.45660  217.02460  0.20%  22.6 1965s
 358619 312814  217.11220  234  205  217.45660  217.02460  0.20%  22.5 1972s
 358794 313180  217.13380  323  169  217.45660  217.02460  0.20%  22.5 1976s
 359223 313561 infeasible  423       217.45660  217.02460  0.20%  22.5 1980s
 361648 316362  217.35820  637  140  217.45660  217.02460  0.20%  22.5 2007s
 363554 317862  217.31981  570  180  217.45660  217.02460  0.20%  22.5 2010s
 366255 320322  217.22140  515   90  217.45660  217.02460  0.20%  22.4 2016s
 367955 321887  217.19680  134  100  217.45660  217.02460  0.20%  22.4 2020s
 370242 323687  217.06300   83  102  217.45660  217.02460  0.20%  22.4 2026s
 370254 323788  217.06300   85  106  217.45660  217.02460  0.20%  22.4 2030s
 370969 325407  217.22140  236  150  217.45660  217.02460  0.20%  22.4 2036s
 372067 327566  217.11854   96  132  217.45660  217.02460  0.20%  22.4 2059s
 374400 327681  217.36900  844   96  217.45660  217.02460  0.20%  22.4 2062s
 375313 328952  217.15420   87  100  217.45660  217.02460  0.20%  22.4 2065s
 376619 330198  217.26832  159  142  217.45660  217.02460  0.20%  22.4 2070s
 377874 330718  217.23520  219  162  217.45660  217.02460  0.20%  22.4 2076s
 378529 331320  217.11220   93  124  217.45660  217.02460  0.20%  22.4 2080s
 380347 333776  217.22140  689  168  217.45660  217.02460  0.20%  22.4 2085s
 382505 336827  217.24600  656  134  217.45660  217.02460  0.20%  22.3 2111s
 384453 336946  217.23520  172  138  217.45660  217.02460  0.20%  22.3 2115s
 384870 338415  217.23520  243  160  217.45660  217.02460  0.20%  22.3 2120s
 387027 339800  217.08760  112  108  217.45660  217.02460  0.20%  22.3 2125s
 388046 340700  217.36900  400  126  217.45660  217.02460  0.20%  22.3 2130s
 389859 342342  217.04920   45  110  217.45660  217.02460  0.20%  22.2 2135s
 390672 342826  217.23220   92  154  217.45660  217.02460  0.20%  22.3 2142s
 391653 343932 infeasible  160       217.45660  217.02460  0.20%  22.3 2146s
 391964 343949  217.17655  120  132  217.45660  217.02460  0.20%  22.3 2151s
 392414 344893  217.22239  270  126  217.45660  217.02460  0.20%  22.3 2156s
 393068 345172  217.30900  424  184  217.45660  217.02460  0.20%  22.3 2178s
 393363 347878  217.36900  496  130  217.45660  217.02460  0.20%  22.3 2185s
 396391 347881  217.22141  322  138  217.45660  217.02460  0.20%  22.3 2190s
 396929 348415  217.19862  111  172  217.45660  217.02460  0.20%  22.4 2196s
 397491 349503 infeasible  168       217.45660  217.02460  0.20%  22.4 2201s
 398856 350161  217.03869   92  174  217.45660  217.02460  0.20%  22.4 2208s
 398865 350434  217.04922   93  176  217.45660  217.02460  0.20%  22.4 2210s
 399809 351369 infeasible  167       217.45660  217.02460  0.20%  22.4 2215s
 401053 353504  217.18960   89  100  217.45660  217.02460  0.20%  22.4 2220s
 403160 354000  217.06359   87  152  217.45660  217.02460  0.20%  22.4 2227s
 403413 354347  217.28440  172  134  217.45660  217.02460  0.20%  22.5 2253s
 403637 357067  217.35820  282  100  217.45660  217.02460  0.20%  22.5 2261s
 407025 358092  217.22140 1076  148  217.45660  217.02460  0.20%  22.5 2266s
 407829 358194  217.18603  137   94  217.45660  217.02460  0.20%  22.5 2272s
 408481 359687  217.28440  294  100  217.45660  217.02460  0.20%  22.5 2277s
 409647 361066  217.22140  199  110  217.45660  217.02460  0.20%  22.6 2281s
 410993 361230     cutoff  138       217.45660  217.02460  0.20%  22.5 2287s
 411274 361906  217.35820  230  116  217.45660  217.02460  0.20%  22.5 2291s
 413228 363204  217.18600  610  105  217.45660  217.02460  0.20%  22.5 2295s
 414758 366454  217.15360  194  196  217.45660  217.02460  0.20%  22.6 2322s
 416805 366484  217.34875  482  152  217.45660  217.02460  0.20%  22.5 2325s
 417883 367491  217.08760   87  156  217.45660  217.02460  0.20%  22.5 2331s
 418405 369084  217.21060  166  126  217.45660  217.02460  0.20%  22.5 2336s
 420988 370522  217.04920   80  162  217.45660  217.02460  0.20%  22.4 2341s
 421104 371074  217.06825   80  195  217.45660  217.02460  0.20%  22.4 2347s
 421860 371242  217.03460   57  140  217.45660  217.02460  0.20%  22.5 2352s
 422639 372148  217.22140  223  140  217.45660  217.02460  0.20%  22.5 2356s
 423997 373141  217.10500   76  120  217.45660  217.02460  0.20%  22.5 2360s
 424570 374431  217.03840   47  132  217.45660  217.02460  0.20%  22.5 2365s
 425473 376408  217.03840   53  122  217.45660  217.02460  0.20%  22.5 2389s
 427539 376464  217.16165  162  106  217.45660  217.02460  0.20%  22.5 2390s
