
Gurobi 10.0.3 (linux64, gurobi_cl) logging started Thu Jan 16 19:07:35 2025

Set parameter Username
Set parameter TimeLimit to value 3600
Set parameter LogFile to value "gurobi_1737050841.log"
Set parameter Threads to value 4
Academic license - for non-commercial use only - expires 2025-12-13
Using license file /home/familie/gurobi.lic

Gurobi Optimizer version 10.0.3 build v10.0.3rc0 (linux64)
Copyright (c) 2023, Gurobi Optimization, LLC

Read LP format model from file /tmp/b4783f77391d486db4c8bd0cc663cc6c-pulp.lp
Reading time = 0.12 seconds
Minimize_total_costs: 11514 rows, 9604 columns, 519034 nonzeros

CPU model: AMD Ryzen 7 PRO 4750U with Radeon Graphics, instruction set [SSE2|AVX|AVX2]
Thread count: 8 physical cores, 16 logical processors, using up to 4 threads

Optimize a model with 11514 rows, 9604 columns and 519034 nonzeros
Model fingerprint: 0x47ced678
Variable types: 0 continuous, 9604 integer (9604 binary)
Coefficient statistics:
  Matrix range     [1e+00, 2e+03]
  Objective range  [1e-02, 8e+01]
  Bounds range     [1e+00, 1e+00]
  RHS range        [1e+00, 7e+01]
Presolve removed 120 rows and 0 columns
Presolve time: 1.32s
Presolved: 11394 rows, 9604 columns, 516638 nonzeros
Variable types: 0 continuous, 9604 integer (9604 binary)
Warning: Markowitz tolerance tightened to 0.125

Root relaxation: objective 7.000000e+01, 3282 iterations, 0.72 seconds (1.35 work units)

    Nodes    |    Current Node    |     Objective Bounds      |     Work
 Expl Unexpl |  Obj  Depth IntInf | Incumbent    BestBd   Gap | It/Node Time

     0     0   70.00000    0  228          -   70.00000      -     -    2s
     0     0   70.00292    0  199          -   70.00292      -     -    3s
     0     0   70.00292    0  199          -   70.00292      -     -    3s
     0     0  140.00000    0  210          -  140.00000      -     -    3s
     0     0  140.00000    0  230          -  140.00000      -     -    3s
     0     0  140.00000    0  217          -  140.00000      -     -    4s
     0     0  140.00000    0  210          -  140.00000      -     -    4s
     0     0  140.00026    0  107          -  140.00026      -     -    4s
     0     0  140.00026    0  109          -  140.00026      -     -    4s
     0     0  140.01459    0  112          -  140.01459      -     -    4s
     0     0  140.01459    0  112          -  140.01459      -     -    4s
     0     0  143.05603    0  136          -  143.05603      -     -    5s
     0     0  143.05603    0  136          -  143.05603      -     -    5s
     0     0  144.53016    0  139          -  144.53016      -     -    5s
     0     0  144.53016    0  143          -  144.53016      -     -    5s
     0     0  146.31535    0  146          -  146.31535      -     -    5s
     0     0  147.70492    0  144          -  147.70492      -     -    5s
     0     0  147.70492    0  144          -  147.70492      -     -    5s
     0     0  148.55949    0  143          -  148.55949      -     -    6s
     0     0  148.55949    0  145          -  148.55949      -     -    6s
     0     0  154.44103    0  152          -  154.44103      -     -    6s
     0     0  154.44103    0  153          -  154.44103      -     -    6s
     0     0  154.44103    0  155          -  154.44103      -     -    6s
     0     0  154.44103    0  157          -  154.44103      -     -    7s
     0     0  154.44103    0   87          -  154.44103      -     -    7s
     0     0  154.44103    0   91          -  154.44103      -     -    7s
     0     0  154.44103    0   94          -  154.44103      -     -    7s
     0     0  154.44103    0   96          -  154.44103      -     -    8s
     0     0  154.44103    0   87          -  154.44103      -     -    8s
H    0     0                     294.7464000  154.44103  47.6%     -    8s
     0     0  154.44103    0   84  294.74640  154.44103  47.6%     -    8s
H    0     0                     294.5910000  154.44103  47.6%     -    8s
     0     2  154.44103    0   84  294.59100  154.44103  47.6%     -    9s
H   28    26                     294.5664000  217.00341  26.3%  52.6    9s
H   31    26                     294.5556000  217.00341  26.3%  48.7    9s
   158   171  224.02754   31   93  294.55560  217.00341  26.3%  18.2   10s
  1325   895  217.04920   40   84  294.55560  217.00341  26.3%  12.2   32s
H 1326   851                     294.5418000  217.00341  26.3%  12.2   33s
  1328   852  217.03692   23   96  294.54180  217.00341  26.3%  12.2   39s
  1329   853  224.07680   47   97  294.54180  217.00341  26.3%  12.1   41s
  1333   855  224.03999   18   96  294.54180  217.00341  26.3%  12.1   48s
  1334   856  217.03120   60  102  294.54180  217.01740  26.3%  12.1   50s
  1337   858  217.02460   35   94  294.54180  217.02100  26.3%  12.1   56s
  1339   859  224.21060   85  110  294.54180  217.02100  26.3%  12.1   62s
H 1339   815                     294.5310000  217.02190  26.3%  12.1   68s
  1342   817  217.03540   61   72  294.53100  217.02460  26.3%  12.0   74s
  1344   819  217.02460   31   94  294.53100  217.02460  26.3%  12.0   81s
  1346   820  224.05422   33   87  294.53100  217.02460  26.3%  12.0   88s
  1348   821  217.11220   69   80  294.53100  217.02460  26.3%  12.0   97s
  1349   822  294.03840   21   86  294.53100  217.02460  26.3%  12.0  101s
H 1351   782                     294.5202000  217.02460  26.3%  11.9  105s
  1437   892  217.03875   26   74  294.52020  217.02460  26.3%  26.7  111s
  1515   962  217.03912   34   70  294.52020  217.02460  26.3%  29.6  117s
H 1581   900                     294.5064000  217.02460  26.3%  32.3  117s
  1623  1052  217.04920   50   99  294.50640  217.02460  26.3%  33.2  121s
  1820  1198  217.06300   73   76  294.50640  217.02460  26.3%  41.9  125s
H 1957  1115                     294.4986000  217.02460  26.3%  46.8  125s
  2062  1392  217.07380   89   82  294.49860  217.02460  26.3%  44.7  130s
  2757  1479  225.65669  137  110  294.49860  217.02460  26.3%  45.8  138s
  2843  1762  217.09840  139   78  294.49860  217.02460  26.3%  45.3  143s
  3185  1799  217.13680  168  100  294.49860  217.02460  26.3%  44.9  146s
H 3202  1757                     294.4908000  217.02460  26.3%  45.2  146s
  3352  1929  217.14760  177   94  294.49080  217.02460  26.3%  45.3  150s
  3857  2351  294.15871  202  164  294.49080  217.02460  26.3%  44.9  159s
  4024  2548  217.18600  217   92  294.49080  217.02460  26.3%  44.9  163s
  4232  2912  294.18340  233  168  294.49080  217.02460  26.3%  45.0  168s
  4628  3320  294.21078  282  101  294.49080  217.02460  26.3%  44.2  173s
  5040  3664  294.22140  321   88  294.49080  217.02460  26.3%  42.6  178s
  5415  4025  294.22294  361   78  294.49080  217.02460  26.3%  42.1  182s
  5776  4491  294.23772  406   85  294.49080  217.02460  26.3%  41.6  188s
  6263  4855  294.24600  472   88  294.49080  217.02460  26.3%  39.8  193s
  6638  5293  294.25772  542   84  294.49080  217.02460  26.3%  38.8  198s
  7143  5750  294.28140  591  100  294.49080  217.02460  26.3%  37.8  204s
  7631  6114  294.29312  663   72  294.49080  217.02460  26.3%  37.0  208s
  8014  6450  294.31950  716   82  294.49080  217.02460  26.3%  36.6  213s
  8382  6721  294.35220  761   89  294.49080  217.02460  26.3%  35.7  217s
  8688  7060  294.35520  799   80  294.49080  217.02460  26.3%  35.4  221s
  9039  7480  294.36600  853   74  294.49080  217.02460  26.3%  35.4  226s
  9492  7832  294.36210  922   74  294.49080  217.02460  26.3%  34.9  232s
  9893  8789  294.13380  196  111  294.49080  217.02460  26.3%  34.7  240s
 10973  9840  294.27361  553  166  294.49080  217.02460  26.3%  33.7  366s
 12157 10777  294.33061  726  117  294.49080  217.02460  26.3%  32.9  371s
 13913 12398  294.43200 1097  122  294.49080  217.02460  26.3%  30.7  379s
 14918 12836  294.43202 1146  134  294.49080  217.02460  26.3%  29.5  382s
 15384 13364  294.44280 1209  118  294.49080  217.02460  26.3%  29.0  385s
 16504 13863  217.02546   61   92  294.49080  217.02460  26.3%  27.8  394s
 16508 14221  217.24489   62  101  294.49080  217.02460  26.3%  27.8  397s
 16890 14982  294.16374  210  112  294.49080  217.02460  26.3%  27.7  401s
 18300 16133  294.31380  783  110  294.49080  217.02460  26.3%  26.5  407s
 18938 16572  294.40326  972   77  294.49080  217.02460  26.3%  26.1  410s
 20100 18557 infeasible 1097       294.49080  217.02460  26.3%  25.7  418s
 21616 18558  294.35435  588   84  294.49080  217.02460  26.3%  24.6  714s
 21618 18559  294.04100  103   79  294.49080  217.02460  26.3%  24.6  717s
 21619 18560  294.44281 1211   90  294.49080  217.02460  26.3%  24.6  723s
 21620 18561  294.15060  258   89  294.49080  217.02460  26.3%  24.6  726s
 21621 18561  294.40741  951   82  294.49080  217.02460  26.3%  24.6  730s
 21622 18562  294.12935   99   70  294.49080  217.02460  26.3%  24.6  739s
 21623 18563  294.10366   96   86  294.49080  217.02460  26.3%  24.6  742s
 21624 18563  294.42720  766   90  294.49080  217.02460  26.3%  24.6  748s
 21625 18564  217.09840   77   86  294.49080  217.02460  26.3%  24.6  752s
 21626 18565  294.18222  339   88  294.49080  217.02460  26.3%  24.6  759s
 21627 18565  294.46273  952   77  294.49080  217.02460  26.3%  24.6  761s
 21629 18567  294.07539   63   92  294.49080  217.02460  26.3%  24.6  765s
 21631 18568  294.03690   55   85  294.49080  217.02460  26.3%  24.6  770s
 21633 18569  294.03633   63  110  294.49080  217.02460  26.3%  24.6  775s
 21635 18571  294.26760  508   91  294.49080  217.02460  26.3%  24.6  780s
 21638 18573  294.34440  630   72  294.49080  217.02460  26.3%  24.6  785s
 21679 18595  217.02460   32  156  294.49080  217.02460  26.3%  25.5  790s
 21747 18632  217.02492   39  111  294.49080  217.02460  26.3%  25.8  795s
 21910 18755  294.05337   55  100  294.49080  217.02460  26.3%  26.3  801s
 22006 18842  294.08556   66  120  294.49080  217.02460  26.3%  26.5  806s
 22129 18905  221.60653   74  136  294.49080  217.02460  26.3%  26.6  810s
 22312 18929 infeasible   95       294.49080  217.02460  26.3%  26.9  818s
 22324 18999  294.08763   97  118  294.49080  217.02460  26.3%  26.9  820s
 22588 19179  294.09518  134  128  294.49080  217.02460  26.3%  27.1  827s
 22712 19263  294.12260  149  118  294.49080  217.02460  26.3%  27.2  830s
H22784 18309                     294.4752000  217.02460  26.3%  27.3  830s
 22872 18475  294.15076  167  106  294.47520  217.02460  26.3%  27.3  835s
 23348 18861  294.22183  225  114  294.47520  217.02460  26.3%  27.8  843s
 23718 18976  294.22697  261  112  294.47520  217.02460  26.3%  27.8  847s
 23999 19170  294.23680  295  116  294.47520  217.02460  26.3%  28.0  852s
 24357 19241  294.29220  337   92  294.47520  217.02460  26.3%  28.1  857s
 24575 19487  294.30300  367   96  294.47520  217.02460  26.3%  28.1  861s
 24922 19825  294.30375  396  106  294.47520  217.02460  26.3%  28.0  866s
 25384 19898  294.30835  458  108  294.47520  217.02460  26.3%  28.0  873s
 25612 20254  294.33060  501  100  294.47520  217.02460  26.3%  28.0  879s
 26066 20585  294.33060  591  102  294.47520  217.02460  26.3%  28.1  884s
 26607 20798  294.36601  651  126  294.47520  217.02460  26.3%  28.3  889s
 27058 21230  294.37980  703   96  294.47520  217.02460  26.3%  28.6  896s
 27742 21822  294.40500  759   96  294.47520  217.02460  26.3%  29.3  904s
 28704 22377  294.43682  853   96  294.47520  217.02460  26.3%  29.4  910s
 29638 22875  294.43689  901  108  294.47520  217.02460  26.3%  29.0  918s
 30626 22896  294.44765  933  134  294.47520  217.02460  26.3%  28.9  925s
 31097 23710  294.44773  980  134  294.47520  217.02460  26.3%  29.1  936s
 32380 24863  217.02462   34  158  294.47520  217.02460  26.3%  29.5 1088s
 34049 24669  294.24600   94   78  294.47520  217.02460  26.3%  29.3 1092s
 34440 25014  294.30600  124  172  294.47520  217.02460  26.3%  29.4 1097s
 35068 25680  294.47040  168   86  294.47520  217.02460  26.3%  29.6 1104s
 36035 25821  294.04230  105  189  294.47520  217.02460  26.3%  29.4 1107s
 36527 27025  294.03447   51  150  294.47520  217.02460  26.3%  29.1 1112s
 38288 27518  294.36300  802   90  294.47520  217.02460  26.3%  28.1 1117s
 39049 27846  294.42923  995   84  294.47520  217.02460  26.3%  27.8 1121s
 40380 29080  294.38280  694   84  294.47520  217.02460  26.3%  27.5 1127s
 41372 28753  294.45679 1029   80  294.47520  217.02460  26.3%  27.1 1131s
 41751 29710  217.04920   74   96  294.47520  217.02460  26.3%  27.0 1137s
 42547 30066  294.37912  645  121  294.47520  217.02460  26.3%  26.7 1142s
 43201 30747 infeasible 1075       294.47520  217.02460  26.3%  26.7 1287s
 44285 31132  294.09064  109  112  294.47520  217.02460  26.3%  27.1 1292s
 45129 31255  217.19380  228  114  294.47520  217.02460  26.3%  27.4 1295s
 46261 32969  294.25293  363   94  294.47520  217.02460  26.3%  27.4 1303s
 47792 33899  294.30978  628  142  294.47520  217.02460  26.3%  26.9 1307s
 49936 33877  294.39660  863  110  294.47520  217.02460  26.3%  26.2 1311s
 50991 34861  294.41041 1006  154  294.47520  217.02460  26.3%  25.8 1316s
 51812 35493  217.08760   85  109  294.47520  217.02460  26.3%  25.8 1321s
 52997 36427  294.15023  414  329  294.47520  217.02460  26.3%  25.8 1327s
 53826 38558  294.13645  474  349  294.47520  217.02460  26.3%  25.7 1472s
 56285 38101  294.16436  138   86  294.47520  217.02460  26.3%  25.1 1475s
 57335 38572  217.02920   70  103  294.47520  217.02460  26.3%  25.0 1481s
 58191 38853  294.05671  129  195  294.47520  217.02460  26.3%  25.1 1486s
 58592 39554  294.05724  117  130  294.47520  217.02460  26.3%  25.2 1491s
 59343 39445  217.06300   90   92  294.47520  217.02460  26.3%  25.2 1498s
 59485 39465  217.06300   91   92  294.47520  217.02460  26.3%  25.1 1500s
 61483 41813  294.06603   57  272  294.47520  217.02460  26.3%  24.7 1507s
 63246 42263  217.06300   80   86  294.47520  217.02460  26.3%  24.3 1511s
 64127 43685  217.02506   65  151  294.47520  217.02460  26.3%  24.2 1646s
 65819 43460  294.29100  213   84  294.47520  217.02460  26.3%  24.2 1650s
 66781 44312  294.13140  157  162  294.47520  217.02460  26.3%  24.3 1655s
 68191 45069  217.03371   82  127  294.47520  217.02460  26.3%  24.2 1661s
 69593 45792  294.23085  243  104  294.47520  217.02460  26.3%  24.2 1667s
 70919 46020 infeasible  575       294.47520  217.02460  26.3%  24.1 1671s
 71780 46794  294.20006  335  102  294.47520  217.02460  26.3%  24.1 1676s
 72981 47453  294.33060  755  116  294.47520  217.02460  26.3%  24.1 1681s
 73572 47811  294.35526  892  124  294.47520  217.02460  26.3%  24.1 1685s
 74535 48108  294.03603  167  233  294.47520  217.02460  26.3%  24.3 1834s
 74747 51317  294.08760  208  176  294.47520  217.02460  26.3%  24.4 1847s
 78916 52864  294.05298  198  124  294.47520  217.02460  26.3%  24.1 1852s
 79917 53423  217.07876   75  118  294.47520  217.02460  26.3%  24.0 1855s
 81176 55327  294.11618  226   72  294.47520  217.02460  26.3%  23.9 1860s
 84130 57066  294.42600 1086  132  294.47520  217.02460  26.3%  23.4 1865s

Cutting planes:
  Gomory: 9
  Lift-and-project: 8
  Cover: 4
  Clique: 6
  MIR: 4
  Flow cover: 131
  Inf proof: 24
  Zero half: 17

Explored 84766 nodes (1996698 simplex iterations) in 1912.31 seconds (2127.95 work units)
Thread count was 4 (of 16 available processors)

Solution count 10: 294.475 294.491 294.499 ... 294.591

Solve interrupted
Best objective 2.944752000000e+02, best bound 2.170246000000e+02, gap 26.3012%

Wrote result file '/tmp/b4783f77391d486db4c8bd0cc663cc6c-pulp.sol'

