
Gurobi 10.0.2 (mac64[arm], gurobi_cl) logging started Fri Jan 17 18:42:19 2025

Set parameter Username
Set parameter TimeLimit to value 3600
Set parameter Heuristics to value 0.25
Set parameter MIPFocus to value 1
Set parameter LogFile to value "gurobi_1737135734.log"
Academic license - for non-commercial use only - expires 2025-12-07
Using license file /Users/annebrombach/gurobi.lic

Gurobi Optimizer version 10.0.2 build v10.0.2rc0 (mac64[arm])
Copyright (c) 2023, Gurobi Optimization, LLC

Read LP format model from file /var/folders/d6/nrvsspzn4y72gvs21ww2h1y00000gn/T/28384d49c8284e26b832139156f98a19-pulp.lp
Reading time = 0.08 seconds
Minimize_total_costs: 11514 rows, 9604 columns, 519034 nonzeros

CPU model: Apple M3
Thread count: 8 physical cores, 8 logical processors, using up to 8 threads

Optimize a model with 11514 rows, 9604 columns and 519034 nonzeros
Model fingerprint: 0x47ced678
Variable types: 0 continuous, 9604 integer (9604 binary)
Coefficient statistics:
  Matrix range     [1e+00, 2e+03]
  Objective range  [1e-02, 8e+01]
  Bounds range     [1e+00, 1e+00]
  RHS range        [1e+00, 7e+01]
Presolve removed 120 rows and 0 columns
Presolve time: 0.60s
Presolved: 11394 rows, 9604 columns, 516638 nonzeros
Variable types: 0 continuous, 9604 integer (9604 binary)

Root relaxation: objective 7.000000e+01, 3258 iterations, 0.34 seconds (1.31 work units)

    Nodes    |    Current Node    |     Objective Bounds      |     Work
 Expl Unexpl |  Obj  Depth IntInf | Incumbent    BestBd   Gap | It/Node Time

     0     0   70.00000    0  124          -   70.00000      -     -    1s
     0     0   70.00292    0   90          -   70.00292      -     -    1s
     0     0   70.00292    0   98          -   70.00292      -     -    1s
     0     0  140.00000    0   90          -  140.00000      -     -    1s
H    0     0                     294.5634000  140.00000  52.5%     -    1s
     0     0  140.00000    0   90  294.56340  140.00000  52.5%     -    1s
     0     0  140.00000    0   95  294.56340  140.00000  52.5%     -    2s
     0     0  140.00000    0   94  294.56340  140.00000  52.5%     -    2s
     0     0  140.00000    0   77  294.56340  140.00000  52.5%     -    2s
     0     0  140.00000    0   77  294.56340  140.00000  52.5%     -    2s
     0     0  140.00000    0   73  294.56340  140.00000  52.5%     -    2s
H    0     0                     294.5526000  140.00000  52.5%     -    2s
     0     2  140.00000    0   72  294.55260  140.00000  52.5%     -    2s
H    6     8                     294.5496000  140.00000  52.5%  68.5    3s
H   31    34                     294.5388000  140.00000  52.5%  45.1    3s
H   71    68                     294.5280000  140.00000  52.5%  33.6    3s
   297   266  147.26011   28  133  294.52800  140.00000  52.5%  18.1    5s
   969   875  147.02460    5   91  294.52800  140.00000  52.5%  16.7   11s
H 1106   958                     294.5172000  140.00000  52.5%  17.0   11s
H 1110   958                     294.5094000  140.00000  52.5%  17.0   11s
  1824  1513  294.04920   80   73  294.50940  140.00000  52.5%  13.9   25s
  1830  1517  294.06300  203  155  294.50940  140.00103  52.5%  13.8   30s
  1837  1523  217.03427   29   73  294.50940  170.80954  42.0%  15.1   40s
  1843  1527  294.03540   55  102  294.50940  170.80954  42.0%  15.0   45s
  1847  1530  294.04920  115  153  294.50940  178.70681  39.3%  15.0   50s
  1850  1533  294.06000   61   73  294.50940  180.05279  38.9%  16.2   55s
  1856  1537  180.05279   14  141  294.50940  180.05279  38.9%  16.1   60s
  1863  1543  294.03540   24   73  294.50940  184.16312  37.5%  16.9   69s
  1865  1544  294.07680  113   88  294.50940  184.16312  37.5%  16.9   70s
  1870  1548  217.02164   21  143  294.50940  188.14000  36.1%  16.8   75s
  1876  1553  294.04920  135   73  294.50940  191.34873  35.0%  17.7   85s
  1883  1558  217.02817   46  126  294.50940  191.34873  35.0%  17.7   90s
  1973  1602 infeasible   68       294.50940  217.01230  26.3%  19.7   95s
H 1983  1519                     294.4986000  217.01230  26.3%  19.7   95s
  2173  1882  217.03994   82   84  294.49860  217.01230  26.3%  21.1  100s
H 3054  2162                     294.4908000  217.01230  26.3%  24.2  101s
  4375  3090  217.27082  199   78  294.49080  217.01230  26.3%  25.3  105s
H 5175  3368                     294.4890000  217.01230  26.3%  25.2  106s
H 6325  4149                     294.4782000  217.01230  26.3%  25.2  110s
  7845  5827  217.43200  398   72  294.47820  217.01230  26.3%  24.7  115s
H 7857  2782                     217.4920000  217.01230  0.22%  24.6  115s
H10462  4846                     217.4674000  217.01491  0.21%  23.9  119s
 10468  5202  217.39660  313   98  217.46740  217.01491  0.21%  24.0  120s
 12770  6943  217.38280  338   82  217.46740  217.01575  0.21%  24.6  127s
 13346  8233  217.43200  390   86  217.46740  217.01575  0.21%  24.8  130s
 15739 11331  217.41828  345   78  217.46740  217.01575  0.21%  25.0  171s
 18976 13592  217.23520  225   74  217.46740  217.01575  0.21%  25.7  175s
 22331 17716  217.45660  372   52  217.46740  217.01646  0.21%  25.4  181s
 27679 21711  217.25980  220   78  217.46740  217.01646  0.21%  24.1  186s
 31073 24413  217.40740  349   74  217.46740  217.01646  0.21%  26.0  239s
 32408 26642  217.14924  128   80  217.46740  217.01650  0.21%  26.2  241s
 36251 29019  217.35820  438   72  217.46740  217.01740  0.21%  26.1  245s
 37892 30227  217.36900  465   84  217.46740  217.01740  0.21%  26.1  250s
 41394 34320  217.08772  130   80  217.46740  217.01740  0.21%  25.7  256s
 45521 37513  217.35820  376   68  217.46740  217.01740  0.21%  25.3  312s
 48197 40421  217.44291  438   86  217.46740  217.01740  0.21%  25.1  316s
 51674 42922  217.28444  399   92  217.46740  217.01740  0.21%  25.0  320s
 54449 44501  217.13680  146   80  217.46740  217.01920  0.21%  25.0  326s
 55951 47286  217.04920   78  102  217.46740  217.01920  0.21%  24.9  330s
 59831 50651  217.33360  179   84  217.46740  217.01920  0.21%  25.1  337s
 61387 51200 infeasible  229       217.46740  217.01920  0.21%  25.4  389s
 62101 53353  217.19696  163   72  217.46740  217.01920  0.21%  25.5  393s
 64389 54320  217.44794  414   52  217.46740  217.01920  0.21%  25.4  395s
 66652 56415  217.21060  169   88  217.46740  217.01920  0.21%  25.5  400s
 70521 60735  217.38283  372   74  217.46740  217.01920  0.21%  25.3  405s
 75329 64532  217.30900  252   88  217.46740  217.01920  0.21%  25.3  411s
 76689 65500 infeasible  392       217.46740  217.01920  0.21%  25.2  464s
 77782 68097  217.25980  204   78  217.46740  217.01920  0.21%  25.3  468s
 81480 69452  217.21060  130   82  217.46740  217.01920  0.21%  25.2  471s
 82725 70113  217.08976  145   80  217.46740  217.01920  0.21%  25.5  476s
 84037 73345  217.34440  339   76  217.46740  217.01920  0.21%  25.5  481s
 87438 75371  217.27060  343   74  217.46740  217.01920  0.21%  25.4  485s
 90845 79027  217.09120  141   80  217.46740  217.01922  0.21%  25.3  490s
 92673 80552  217.34440  515   78  217.46740  217.01922  0.21%  25.3  548s
 94328 81234  217.38280  584   84  217.46740  217.01922  0.21%  25.3  550s
 96118 82883  217.41111  630  101  217.46740  217.01922  0.21%  25.8  555s
 98890 84644 infeasible  675       217.46740  217.01922  0.21%  26.1  561s
 99882 86848  217.19683  188   78  217.46740  217.02074  0.21%  26.2  565s
 103913 91389  217.04920  121   98  217.46740  217.02117  0.21%  26.1  570s
